<?xml version="1.0" encoding="UTF-8"?>
<testng-results skipped="0" failed="0" ignored="0" total="1" passed="1">
  <reporter-output>
  </reporter-output>
  <suite name="Default suite" duration-ms="3177" started-at="2019-03-23T08:34:28Z" finished-at="2019-03-23T08:34:31Z">
    <groups>
    </groups>
    <test name="Default test" duration-ms="3177" started-at="2019-03-23T08:34:28Z" finished-at="2019-03-23T08:34:31Z">
      <class name="api.API_Testing.ComJsonPostGetDel">
        <test-method status="PASS" signature="postCompJsonGetDel()[pri:0, instance:api.API_Testing.ComJsonPostGetDel@28d25987]" name="postCompJsonGetDel" duration-ms="3138" started-at="2019-03-23T08:34:28Z" finished-at="2019-03-23T08:34:31Z">
          <reporter-output>
          </reporter-output>
        </test-method> <!-- postCompJsonGetDel -->
      </class> <!-- api.API_Testing.ComJsonPostGetDel -->
    </test> <!-- Default test -->
  </suite> <!-- Default suite -->
</testng-results>
