<?xml version="1.0" encoding="UTF-8"?>
<testng-results skipped="0" failed="0" ignored="0" total="1" passed="1">
  <reporter-output>
  </reporter-output>
  <suite name="Default suite" duration-ms="2230" started-at="2019-04-14T17:28:35Z" finished-at="2019-04-14T17:28:37Z">
    <groups>
    </groups>
    <test name="Default test" duration-ms="2230" started-at="2019-04-14T17:28:35Z" finished-at="2019-04-14T17:28:37Z">
      <class name="api.API_Testing.PostRequest2">
        <test-method status="PASS" signature="automatingPostRequrst()[pri:0, instance:api.API_Testing.PostRequest2@523884b2]" name="automatingPostRequrst" duration-ms="2172" started-at="2019-04-14T17:28:35Z" finished-at="2019-04-14T17:28:37Z">
          <reporter-output>
          </reporter-output>
        </test-method> <!-- automatingPostRequrst -->
      </class> <!-- api.API_Testing.PostRequest2 -->
    </test> <!-- Default test -->
  </suite> <!-- Default suite -->
</testng-results>
